Looking in links: https://data.pyg.org/whl/torch-1.11.0+cu113.html
Collecting torch-cluster
  Downloading torch_cluster-1.6.3.tar.gz (54 kB)
  Preparing metadata (setup.py): started
  Preparing metadata (setup.py): finished with status 'done'
Requirement already satisfied: scipy in /data/sbaumann/miniconda3/envs/dagr/lib/python3.8/site-packages (from torch-cluster) (1.10.1)
Requirement already satisfied: numpy<1.27.0,>=1.19.5 in /data/sbaumann/miniconda3/envs/dagr/lib/python3.8/site-packages (from scipy->torch-cluster) (1.24.3)
Building wheels for collected packages: torch-cluster
  Building wheel for torch-cluster (setup.py): started
  Building wheel for torch-cluster (setup.py): still running...
  Building wheel for torch-cluster (setup.py): still running...
  Building wheel for torch-cluster (setup.py): still running...
  Building wheel for torch-cluster (setup.py): still running...
  Building wheel for torch-cluster (setup.py): still running...
  Building wheel for torch-cluster (setup.py): still running...
  Building wheel for torch-cluster (setup.py): still running...
  Building wheel for torch-cluster (setup.py): still running...
  Building wheel for torch-cluster (setup.py): still running...
  Building wheel for torch-cluster (setup.py): still running...
  Building wheel for torch-cluster (setup.py): still running...
  Building wheel for torch-cluster (setup.py): still running...
  Building wheel for torch-cluster (setup.py): still running...
  Building wheel for torch-cluster (setup.py): still running...
  Building wheel for torch-cluster (setup.py): still running...
  Building wheel for torch-cluster (setup.py): finished with status 'done'
  Created wheel for torch-cluster: filename=torch_cluster-1.6.3-cp38-cp38-linux_x86_64.whl size=1317193 sha256=7804a24c0fda5b08d7c53e4b41e51a516ad21c37d9b99f1eac10fcbb43c9d17a
  Stored in directory: /home/sbaumann/.cache/pip/wheels/83/ae/16/6e083c8e0651c589dba0257e7d82c6a142ee63cca2f9f41d2d
Successfully built torch-cluster
Installing collected packages: torch-cluster
Successfully installed torch-cluster-1.6.3
